22:19:56.297 [main] INFO  testCases.TC_001_Account_Registration - Starting the test setup...
22:20:15.593 [main] INFO  testCases.TC_001_Account_Registration - Test Case started TC_001_Account_Registration
22:20:26.014 [main] INFO  testCases.TC_001_Account_Registration - Clicked on My Account button
22:20:26.705 [main] INFO  testCases.TC_001_Account_Registration - Clicked on Register link
22:20:32.979 [main] INFO  testCases.TC_001_Account_Registration - Account registration information filled
22:20:44.488 [main] INFO  testCases.TC_001_Account_Registration - Validating expected message...
23:01:31.117 [main] INFO  testCases.TC_001_Account_Registration - Starting the test setup...
23:01:55.070 [main] INFO  testCases.TC_001_Account_Registration - Test Case started TC_001_Account_Registration
23:02:05.507 [main] INFO  testCases.TC_001_Account_Registration - Clicked on My Account button
23:02:06.390 [main] INFO  testCases.TC_001_Account_Registration - Clicked on Register link
23:02:12.529 [main] INFO  testCases.TC_001_Account_Registration - Account registration information filled
23:02:23.807 [main] INFO  testCases.TC_001_Account_Registration - Validating expected message...
23:03:09.930 [main] INFO  testCases.TC_001_Account_Registration - Starting the test setup...
23:03:28.247 [main] INFO  testCases.TC_001_Account_Registration - Test Case started TC_001_Account_Registration
23:03:38.540 [main] INFO  testCases.TC_001_Account_Registration - Clicked on My Account button
23:03:39.061 [main] INFO  testCases.TC_001_Account_Registration - Clicked on Register link
23:03:45.094 [main] INFO  testCases.TC_001_Account_Registration - Account registration information filled
23:03:56.297 [main] INFO  testCases.TC_001_Account_Registration - Validating expected message...
23:09:17.261 [TestNG-tests-2] INFO  testCases.TC_001_Account_Registration - Starting the test setup...
23:09:36.884 [TestNG-tests-2] INFO  testCases.TC_001_Account_Registration - Test Case started TC_001_Account_Registration
23:09:37.488 [TestNG-tests-1] INFO  testCases.TC_001_Account_Registration - Test Case started TC_001_Account_Registration
23:09:47.555 [TestNG-tests-2] INFO  testCases.TC_001_Account_Registration - Clicked on My Account button
23:09:47.844 [TestNG-tests-1] INFO  testCases.TC_001_Account_Registration - Clicked on My Account button
23:09:48.466 [TestNG-tests-2] INFO  testCases.TC_001_Account_Registration - Clicked on Register link
23:09:48.594 [TestNG-tests-1] INFO  testCases.TC_001_Account_Registration - Clicked on Register link
23:09:55.204 [TestNG-tests-2] INFO  testCases.TC_001_Account_Registration - Account registration information filled
23:09:55.549 [TestNG-tests-1] INFO  testCases.TC_001_Account_Registration - Account registration information filled
23:10:07.449 [TestNG-tests-2] INFO  testCases.TC_001_Account_Registration - Validating expected message...
23:10:08.375 [TestNG-tests-1] INFO  testCases.TC_001_Account_Registration - Validating expected message...
14:18:42.481 [main] INFO  testCases.TC_001_Account_Registration - Starting the test setup...
14:20:01.663 [main] INFO  testCases.TC_001_Account_Registration - Starting the test setup...
14:24:06.626 [main] INFO  testCases.TC_001_Account_Registration - Starting the test setup...
14:26:53.671 [TestNG-tests-2] INFO  testCases.TC_001_Account_Registration - Starting the test setup...
14:29:18.739 [main] INFO  testCases.TC_001_Account_Registration - Starting the test setup...
14:29:36.354 [main] INFO  testCases.TC_001_Account_Registration - Test Case started TC_001_Account_Registration
14:29:46.966 [main] INFO  testCases.TC_001_Account_Registration - Clicked on My Account button
14:29:47.706 [main] INFO  testCases.TC_001_Account_Registration - Clicked on Register link
14:29:54.062 [main] INFO  testCases.TC_001_Account_Registration - Account registration information filled
14:30:11.990 [main] INFO  testCases.TC_001_Account_Registration - Validating expected message...
21:38:34.113 [main] INFO  testCases.TC_001_Account_Registration - Starting the test setup...
21:38:59.649 [main] INFO  testCases.TC_001_Account_Registration - Test Case started TC_001_Account_Registration
21:39:10.311 [main] INFO  testCases.TC_001_Account_Registration - Clicked on My Account button
21:39:11.409 [main] INFO  testCases.TC_001_Account_Registration - Clicked on Register link
21:39:17.906 [main] INFO  testCases.TC_001_Account_Registration - Account registration information filled
21:39:29.438 [main] INFO  testCases.TC_001_Account_Registration - Validating expected message...
21:40:20.846 [main] INFO  testCases.TC_002_LoginTest - Starting the test setup...
21:40:38.337 [main] INFO  testCases.TC_002_LoginTest - Login verification test started...
21:40:40.632 [main] INFO  testCases.TC_002_LoginTest - TC_002_LoginTest...Passed
18:53:39.060 [main] INFO  testCases.TC_003_Login_DDT - Starting the test setup...
18:58:03.659 [main] INFO  testCases.TC_003_Login_DDT - Starting the test setup...
19:01:51.975 [main] INFO  testCases.TC_002_LoginTest - Starting the test setup...
19:02:08.535 [main] INFO  testCases.TC_002_LoginTest - Login verification test started...
19:02:10.616 [main] INFO  testCases.TC_002_LoginTest - TC_002_LoginTest...Passed
19:04:24.716 [main] INFO  testCases.TC_003_Login_DDT - Starting the test setup...
19:07:38.528 [main] INFO  testCases.TC_003_Login_DDT - Starting the test setup...
19:21:32.912 [main] INFO  testCases.TC_003_Login_DDT - Starting the test setup...
19:28:11.835 [main] INFO  testCases.TC_003_Login_DDT - Starting the test setup...
19:31:30.141 [main] INFO  testCases.TC_003_Login_DDT - Starting the test setup...
19:38:03.600 [main] INFO  testCases.TC_003_Login_DDT - Starting the test setup...
19:38:09.390 [main] INFO  testCases.TC_003_Login_DDT - Browser and URL openened for testing...
19:45:45.045 [main] INFO  testCases.TC_003_Login_DDT - Starting the test setup...
19:45:51.823 [main] INFO  testCases.TC_003_Login_DDT - Browser and URL openened for testing...
21:31:30.379 [main] INFO  testCases.TC_003_Login_DDT - Starting the test setup...
21:31:41.688 [main] INFO  testCases.TC_003_Login_DDT - Browser and URL openened for testing...
21:33:51.442 [main] INFO  testCases.TC_003_Login_DDT - Starting the test setup...
21:33:57.654 [main] INFO  testCases.TC_003_Login_DDT - Browser and URL openened for testing...
22:09:34.504 [main] INFO  testCases.TC_002_LoginTest - Starting the test setup...
22:09:46.101 [main] INFO  testCases.TC_002_LoginTest - Browser and URL openened for testing...
22:09:56.578 [main] INFO  testCases.TC_002_LoginTest - Login verification test started...
22:09:59.084 [main] INFO  testCases.TC_002_LoginTest - TC_002_LoginTest...Passed
22:11:54.730 [main] INFO  testCases.TC_003_Login_DDT - Starting the test setup...
22:12:00.337 [main] INFO  testCases.TC_003_Login_DDT - Browser and URL openened for testing...
22:27:17.717 [main] INFO  testCases.TC_003_Login_DDT - Starting the test setup...
22:27:25.756 [main] INFO  testCases.TC_003_Login_DDT - Browser and URL openened for testing...
22:42:46.093 [main] INFO  testCases.TC_003_Login_DDT - Starting the test setup...
22:42:53.976 [main] INFO  testCases.TC_003_Login_DDT - Browser and URL openened for testing...
22:51:34.598 [main] INFO  testCases.TC_003_Login_DDT - Starting the test setup...
22:51:41.656 [main] INFO  testCases.TC_003_Login_DDT - Browser and URL openened for testing...
23:00:40.278 [main] INFO  testCases.TC_003_Login_DDT - Starting the test setup...
23:00:47.850 [main] INFO  testCases.TC_003_Login_DDT - Browser and URL openened for testing...
23:20:11.809 [main] INFO  testCases.TC_003_Login_DDT - Starting the test setup...
23:20:18.290 [main] INFO  testCases.TC_003_Login_DDT - Browser and URL openened for testing...
23:20:31.611 [main] INFO  testCases.TC_003_Login_DDT - Login DDT verification test started...
23:20:34.012 [main] INFO  testCases.TC_003_Login_DDT - Login DDT verification test started...
23:20:54.225 [main] INFO  testCases.TC_003_Login_DDT - Login DDT verification test started...
23:21:14.524 [main] INFO  testCases.TC_003_Login_DDT - Login DDT verification test started...
23:22:47.422 [main] INFO  testCases.TC_003_Login_DDT - Starting the test setup...
23:22:52.792 [main] INFO  testCases.TC_003_Login_DDT - Browser and URL openened for testing...
23:23:05.590 [main] INFO  testCases.TC_003_Login_DDT - Login DDT verification test started...
23:23:07.552 [main] INFO  testCases.TC_003_Login_DDT - TC_003_LoginTest...Passed
23:23:08.050 [main] INFO  testCases.TC_003_Login_DDT - Login DDT verification test started...
23:23:09.663 [main] INFO  testCases.TC_003_Login_DDT - TC_002_LoginTest...Passed
23:23:09.668 [main] INFO  testCases.TC_003_Login_DDT - Login DDT verification test started...
23:23:11.058 [main] INFO  testCases.TC_003_Login_DDT - TC_002_LoginTest...Passed
23:23:11.067 [main] INFO  testCases.TC_003_Login_DDT - Login DDT verification test started...
23:23:12.677 [main] INFO  testCases.TC_003_Login_DDT - TC_002_LoginTest...Passed
22:25:21.149 [main] INFO  testCases.TC_003_Login_DDT - Starting the test setup...
22:25:32.514 [main] INFO  testCases.TC_003_Login_DDT - Browser and URL openened for testing...
22:25:46.469 [main] INFO  testCases.TC_003_Login_DDT - Login DDT verification test started...
22:25:48.842 [main] INFO  testCases.TC_003_Login_DDT - TC_003_LoginTest...Passed
22:25:49.362 [main] INFO  testCases.TC_003_Login_DDT - Login DDT verification test started...
22:25:51.672 [main] INFO  testCases.TC_003_Login_DDT - TC_002_LoginTest...Passed
22:25:51.682 [main] INFO  testCases.TC_003_Login_DDT - Login DDT verification test started...
22:25:53.071 [main] INFO  testCases.TC_003_Login_DDT - TC_002_LoginTest...Passed
22:25:53.075 [main] INFO  testCases.TC_003_Login_DDT - Login DDT verification test started...
22:25:54.356 [main] INFO  testCases.TC_003_Login_DDT - TC_002_LoginTest...Passed
22:25:54.360 [main] INFO  testCases.TC_003_Login_DDT - Login DDT verification test started...
22:25:55.917 [main] INFO  testCases.TC_003_Login_DDT - TC_003_LoginTest...Passed
13:09:52.101 [main] INFO  testCases.TC_003_Login_DDT - Starting the test setup...
13:10:05.196 [main] INFO  testCases.TC_003_Login_DDT - Browser and URL openened for testing...
13:10:20.279 [main] INFO  testCases.TC_003_Login_DDT - Login DDT verification test started...
13:10:22.388 [main] INFO  testCases.TC_003_Login_DDT - TC_003_LoginTest...Passed
13:10:22.953 [main] INFO  testCases.TC_003_Login_DDT - Login DDT verification test started...
13:10:24.632 [main] INFO  testCases.TC_003_Login_DDT - TC_002_LoginTest...Passed
13:10:24.642 [main] INFO  testCases.TC_003_Login_DDT - Login DDT verification test started...
13:10:26.609 [main] INFO  testCases.TC_003_Login_DDT - TC_002_LoginTest...Passed
13:10:26.623 [main] INFO  testCases.TC_003_Login_DDT - Login DDT verification test started...
13:10:28.198 [main] INFO  testCases.TC_003_Login_DDT - TC_002_LoginTest...Passed
13:10:28.210 [main] INFO  testCases.TC_003_Login_DDT - Login DDT verification test started...
13:10:30.095 [main] INFO  testCases.TC_003_Login_DDT - TC_003_LoginTest...Passed
23:04:38.315 [main] INFO  testCases.TC_001_Account_Registration - Starting the test setup...
23:04:46.759 [main] INFO  testCases.TC_001_Account_Registration - Browser and URL openened for testing...
23:04:57.240 [main] INFO  testCases.TC_001_Account_Registration - Test Case started TC_001_Account_Registration
23:05:07.901 [main] INFO  testCases.TC_001_Account_Registration - Clicked on My Account button
23:05:08.605 [main] INFO  testCases.TC_001_Account_Registration - Clicked on Register link
23:05:14.969 [main] INFO  testCases.TC_001_Account_Registration - Account registration information filled
23:05:27.459 [main] INFO  testCases.TC_001_Account_Registration - Validating expected message...
23:05:29.090 [main] INFO  testCases.TC_002_LoginTest - Starting the test setup...
23:05:33.971 [main] INFO  testCases.TC_002_LoginTest - Browser and URL openened for testing...
23:05:45.517 [main] INFO  testCases.TC_002_LoginTest - Login verification test started...
23:05:47.406 [main] INFO  testCases.TC_002_LoginTest - TC_002_LoginTest...Passed
22:48:18.426 [main] INFO  testCases.TC_001_Account_Registration - Starting the test setup...
22:48:30.320 [main] INFO  testCases.TC_001_Account_Registration - Browser and URL openened for testing...
22:48:41.074 [main] INFO  testCases.TC_001_Account_Registration - Test Case started TC_001_Account_Registration
22:48:51.585 [main] INFO  testCases.TC_001_Account_Registration - Clicked on My Account button
22:48:52.235 [main] INFO  testCases.TC_001_Account_Registration - Clicked on Register link
22:48:58.502 [main] INFO  testCases.TC_001_Account_Registration - Account registration information filled
22:49:09.853 [main] INFO  testCases.TC_001_Account_Registration - Validating expected message...
22:49:11.579 [main] INFO  testCases.TC_002_LoginTest - Starting the test setup...
22:49:16.429 [main] INFO  testCases.TC_002_LoginTest - Browser and URL openened for testing...
22:49:26.898 [main] INFO  testCases.TC_002_LoginTest - Login verification test started...
22:49:29.757 [main] INFO  testCases.TC_002_LoginTest - TC_002_LoginTest...Passed
22:53:33.961 [main] INFO  testCases.TC_001_Account_Registration - Starting the test setup...
22:53:40.527 [main] INFO  testCases.TC_001_Account_Registration - Browser and URL openened for testing...
22:53:51.029 [main] INFO  testCases.TC_001_Account_Registration - Test Case started TC_001_Account_Registration
22:54:01.374 [main] INFO  testCases.TC_001_Account_Registration - Clicked on My Account button
22:54:01.972 [main] INFO  testCases.TC_001_Account_Registration - Clicked on Register link
22:54:08.110 [main] INFO  testCases.TC_001_Account_Registration - Account registration information filled
22:54:19.673 [main] INFO  testCases.TC_001_Account_Registration - Validating expected message...
22:54:21.292 [main] INFO  testCases.TC_002_LoginTest - Starting the test setup...
22:54:25.671 [main] INFO  testCases.TC_002_LoginTest - Browser and URL openened for testing...
22:54:36.065 [main] INFO  testCases.TC_002_LoginTest - Login verification test started...
22:54:37.735 [main] INFO  testCases.TC_002_LoginTest - TC_002_LoginTest...Passed
23:05:37.375 [main] INFO  testCases.TC_003_Login_DDT - Starting the test setup...
23:05:43.828 [main] INFO  testCases.TC_003_Login_DDT - Browser and URL openened for testing...
23:05:57.241 [main] INFO  testCases.TC_003_Login_DDT - Login DDT verification test started...
23:05:59.910 [main] INFO  testCases.TC_003_Login_DDT - TC_003_LoginTest...Passed
23:06:00.579 [main] INFO  testCases.TC_003_Login_DDT - Login DDT verification test started...
23:06:02.161 [main] INFO  testCases.TC_003_Login_DDT - TC_002_LoginTest...Passed
23:06:02.172 [main] INFO  testCases.TC_003_Login_DDT - Login DDT verification test started...
23:06:03.428 [main] INFO  testCases.TC_003_Login_DDT - TC_002_LoginTest...Passed
23:06:03.436 [main] INFO  testCases.TC_003_Login_DDT - Login DDT verification test started...
23:06:04.776 [main] INFO  testCases.TC_003_Login_DDT - TC_002_LoginTest...Passed
23:06:04.783 [main] INFO  testCases.TC_003_Login_DDT - Login DDT verification test started...
23:06:06.337 [main] INFO  testCases.TC_003_Login_DDT - TC_003_LoginTest...Passed
23:07:40.533 [main] INFO  testCases.TC_003_Login_DDT - Starting the test setup...
23:07:47.267 [main] INFO  testCases.TC_003_Login_DDT - Browser and URL openened for testing...
23:07:59.996 [main] INFO  testCases.TC_003_Login_DDT - Login DDT verification test started...
23:08:02.176 [main] INFO  testCases.TC_003_Login_DDT - TC_003_LoginTest...Passed
23:08:02.651 [main] INFO  testCases.TC_003_Login_DDT - Login DDT verification test started...
23:08:03.970 [main] INFO  testCases.TC_003_Login_DDT - TC_002_LoginTest...Passed
23:08:03.975 [main] INFO  testCases.TC_003_Login_DDT - Login DDT verification test started...
23:08:05.244 [main] INFO  testCases.TC_003_Login_DDT - TC_002_LoginTest...Passed
23:08:05.253 [main] INFO  testCases.TC_003_Login_DDT - Login DDT verification test started...
23:08:06.493 [main] INFO  testCases.TC_003_Login_DDT - TC_002_LoginTest...Passed
23:08:06.503 [main] INFO  testCases.TC_003_Login_DDT - Login DDT verification test started...
13:40:04.448 [main] INFO  testCases.TC_003_Login_DDT - Starting the test setup...
13:40:13.748 [main] INFO  testCases.TC_003_Login_DDT - Browser and URL openened for testing...
13:40:27.262 [main] INFO  testCases.TC_003_Login_DDT - Login DDT verification test started...
18:59:14.288 [main] INFO  testCases.TC_003_Login_DDT - Starting the test setup...
18:59:26.515 [main] INFO  testCases.TC_003_Login_DDT - Browser and URL openened for testing...
18:59:40.099 [main] INFO  testCases.TC_003_Login_DDT - Login DDT verification test started...
18:59:43.410 [main] INFO  testCases.TC_003_Login_DDT - TC_003_LoginTest...Passed
18:59:44.145 [main] INFO  testCases.TC_003_Login_DDT - Login DDT verification test started...
18:59:45.994 [main] INFO  testCases.TC_003_Login_DDT - TC_002_LoginTest...Passed
18:59:46.004 [main] INFO  testCases.TC_003_Login_DDT - Login DDT verification test started...
18:59:47.551 [main] INFO  testCases.TC_003_Login_DDT - TC_002_LoginTest...Passed
18:59:47.560 [main] INFO  testCases.TC_003_Login_DDT - Login DDT verification test started...
18:59:49.150 [main] INFO  testCases.TC_003_Login_DDT - TC_002_LoginTest...Passed
18:59:49.157 [main] INFO  testCases.TC_003_Login_DDT - Login DDT verification test started...
19:06:54.023 [main] INFO  testCases.TC_003_Login_DDT - Browser and URL openened for testing...
19:07:07.927 [main] INFO  testCases.TC_003_Login_DDT - Login DDT verification test started...
19:07:10.581 [main] INFO  testCases.TC_003_Login_DDT - TC_003_LoginTest...Passed
19:07:11.248 [main] INFO  testCases.TC_003_Login_DDT - Login DDT verification test started...
19:07:13.059 [main] INFO  testCases.TC_003_Login_DDT - TC_002_LoginTest...Passed
19:07:13.082 [main] INFO  testCases.TC_003_Login_DDT - Login DDT verification test started...
19:07:15.355 [main] INFO  testCases.TC_003_Login_DDT - TC_002_LoginTest...Passed
19:07:15.360 [main] INFO  testCases.TC_003_Login_DDT - Login DDT verification test started...
19:07:17.139 [main] INFO  testCases.TC_003_Login_DDT - TC_002_LoginTest...Passed
19:07:17.143 [main] INFO  testCases.TC_003_Login_DDT - Login DDT verification test started...
19:08:52.142 [main] INFO  testCases.TC_003_Login_DDT - Browser and URL openened for testing...
19:09:06.034 [main] INFO  testCases.TC_003_Login_DDT - Login DDT verification test started...
19:09:08.572 [main] INFO  testCases.TC_003_Login_DDT - TC_003_LoginTest...Passed
19:09:09.204 [main] INFO  testCases.TC_003_Login_DDT - Login DDT verification test started...
19:09:11.124 [main] INFO  testCases.TC_003_Login_DDT - TC_002_LoginTest...Passed
19:09:11.131 [main] INFO  testCases.TC_003_Login_DDT - Login DDT verification test started...
19:09:12.876 [main] INFO  testCases.TC_003_Login_DDT - TC_002_LoginTest...Passed
19:09:12.883 [main] INFO  testCases.TC_003_Login_DDT - Login DDT verification test started...
19:09:14.897 [main] INFO  testCases.TC_003_Login_DDT - TC_002_LoginTest...Passed
19:09:14.904 [main] INFO  testCases.TC_003_Login_DDT - Login DDT verification test started...
19:13:54.314 [TestNG-tests-2] INFO  testCases.TC_001_Account_Registration - Browser and URL openened for testing...
19:14:05.487 [TestNG-tests-2] INFO  testCases.TC_001_Account_Registration - Test Case started TC_001_Account_Registration
19:14:07.993 [TestNG-tests-1] INFO  testCases.TC_001_Account_Registration - Browser and URL openened for testing...
19:14:15.949 [TestNG-tests-2] INFO  testCases.TC_001_Account_Registration - Clicked on My Account button
19:14:17.045 [TestNG-tests-2] INFO  testCases.TC_001_Account_Registration - Clicked on Register link
19:14:18.531 [TestNG-tests-1] INFO  testCases.TC_001_Account_Registration - Test Case started TC_001_Account_Registration
19:14:42.503 [TestNG-tests-1] INFO  testCases.TC_001_Account_Registration - Clicked on My Account button
19:14:43.514 [TestNG-tests-1] INFO  testCases.TC_001_Account_Registration - Clicked on Register link
19:19:48.571 [TestNG-tests-2] INFO  testCases.TC_001_Account_Registration - Browser and URL openened for testing...
19:19:48.842 [TestNG-tests-1] INFO  testCases.TC_001_Account_Registration - Browser and URL openened for testing...
19:19:59.285 [TestNG-tests-2] INFO  testCases.TC_001_Account_Registration - Test Case started TC_001_Account_Registration
19:19:59.745 [TestNG-tests-1] INFO  testCases.TC_001_Account_Registration - Test Case started TC_001_Account_Registration
19:20:09.584 [TestNG-tests-2] INFO  testCases.TC_001_Account_Registration - Clicked on My Account button
19:20:10.564 [TestNG-tests-2] INFO  testCases.TC_001_Account_Registration - Clicked on Register link
19:20:10.706 [TestNG-tests-1] INFO  testCases.TC_001_Account_Registration - Clicked on My Account button
19:20:11.203 [TestNG-tests-1] INFO  testCases.TC_001_Account_Registration - Clicked on Register link
19:20:17.416 [TestNG-tests-2] INFO  testCases.TC_001_Account_Registration - Account registration information filled
19:20:17.739 [TestNG-tests-1] INFO  testCases.TC_001_Account_Registration - Account registration information filled
19:20:28.259 [TestNG-tests-2] INFO  testCases.TC_001_Account_Registration - Validating expected message...
19:22:03.418 [TestNG-tests-1] INFO  testCases.TC_001_Account_Registration - Starting the test setup...
19:22:19.497 [TestNG-tests-2] INFO  testCases.TC_001_Account_Registration - Browser and URL openened for testing...
19:22:20.464 [TestNG-tests-1] INFO  testCases.TC_001_Account_Registration - Browser and URL openened for testing...
19:22:30.172 [TestNG-tests-2] INFO  testCases.TC_001_Account_Registration - Test Case started TC_001_Account_Registration
19:22:30.866 [TestNG-tests-1] INFO  testCases.TC_001_Account_Registration - Test Case started TC_001_Account_Registration
19:22:40.486 [TestNG-tests-2] INFO  testCases.TC_001_Account_Registration - Clicked on My Account button
19:22:41.283 [TestNG-tests-2] INFO  testCases.TC_001_Account_Registration - Clicked on Register link
19:22:41.408 [TestNG-tests-1] INFO  testCases.TC_001_Account_Registration - Clicked on My Account button
19:22:41.779 [TestNG-tests-1] INFO  testCases.TC_001_Account_Registration - Clicked on Register link
19:22:47.479 [TestNG-tests-2] INFO  testCases.TC_001_Account_Registration - Account registration information filled
19:22:47.907 [TestNG-tests-1] INFO  testCases.TC_001_Account_Registration - Account registration information filled
19:22:58.156 [TestNG-tests-2] INFO  testCases.TC_001_Account_Registration - Validating expected message...
19:25:50.176 [main] INFO  testCases.TC_001_Account_Registration - Starting the test setup...
19:25:57.080 [main] INFO  testCases.TC_001_Account_Registration - Browser and URL openened for testing...
19:26:07.747 [main] INFO  testCases.TC_001_Account_Registration - Test Case started TC_001_Account_Registration
19:26:18.124 [main] INFO  testCases.TC_001_Account_Registration - Clicked on My Account button
19:26:18.929 [main] INFO  testCases.TC_001_Account_Registration - Clicked on Register link
19:26:25.005 [main] INFO  testCases.TC_001_Account_Registration - Account registration information filled
19:26:36.564 [main] INFO  testCases.TC_001_Account_Registration - Validating expected message...
19:27:25.366 [main] INFO  testCases.TC_001_Account_Registration - Browser and URL openened for testing...
19:27:36.037 [main] INFO  testCases.TC_001_Account_Registration - Test Case started TC_001_Account_Registration
19:27:46.407 [main] INFO  testCases.TC_001_Account_Registration - Clicked on My Account button
19:27:47.231 [main] INFO  testCases.TC_001_Account_Registration - Clicked on Register link
19:27:53.345 [main] INFO  testCases.TC_001_Account_Registration - Account registration information filled
19:28:04.931 [main] INFO  testCases.TC_001_Account_Registration - Validating expected message...
20:54:31.019 [TestNG-tests-1] INFO  testCases.TC_001_Account_Registration - Starting the test setup...
20:54:48.077 [TestNG-tests-2] INFO  testCases.TC_001_Account_Registration - Browser and URL openened for testing...
20:54:49.948 [TestNG-tests-1] INFO  testCases.TC_001_Account_Registration - Browser and URL openened for testing...
20:55:01.101 [TestNG-tests-2] INFO  testCases.TC_001_Account_Registration - Test Case started TC_001_Account_Registration
20:55:01.440 [TestNG-tests-1] INFO  testCases.TC_001_Account_Registration - Test Case started TC_001_Account_Registration
20:55:11.417 [TestNG-tests-2] INFO  testCases.TC_001_Account_Registration - Clicked on My Account button
20:55:12.529 [TestNG-tests-2] INFO  testCases.TC_001_Account_Registration - Clicked on Register link
21:00:33.011 [main] INFO  testCases.TC_001_Account_Registration - Starting the test setup...
21:00:40.566 [main] INFO  testCases.TC_001_Account_Registration - Browser and URL openened for testing...
21:00:51.010 [main] INFO  testCases.TC_001_Account_Registration - Test Case started TC_001_Account_Registration
21:01:01.559 [main] INFO  testCases.TC_001_Account_Registration - Clicked on My Account button
21:01:02.144 [main] INFO  testCases.TC_001_Account_Registration - Clicked on Register link
21:01:08.462 [main] INFO  testCases.TC_001_Account_Registration - Account registration information filled
21:01:20.094 [main] INFO  testCases.TC_001_Account_Registration - Validating expected message...
21:01:23.779 [main] INFO  testCases.TC_001_Account_Registration - Starting the test setup...
21:01:31.070 [main] INFO  testCases.TC_001_Account_Registration - Browser and URL openened for testing...
21:01:41.567 [main] INFO  testCases.TC_001_Account_Registration - Test Case started TC_001_Account_Registration
21:01:52.091 [main] INFO  testCases.TC_001_Account_Registration - Clicked on My Account button
21:01:52.815 [main] INFO  testCases.TC_001_Account_Registration - Clicked on Register link
21:01:59.194 [main] INFO  testCases.TC_001_Account_Registration - Account registration information filled
21:02:10.831 [main] INFO  testCases.TC_001_Account_Registration - Validating expected message...
21:09:20.906 [TestNG-tests-1] INFO  testCases.TC_001_Account_Registration - Starting the test setup...
21:09:33.244 [TestNG-tests-2] INFO  testCases.TC_001_Account_Registration - Browser and URL openened for testing...
21:09:33.878 [TestNG-tests-1] INFO  testCases.TC_001_Account_Registration - Browser and URL openened for testing...
21:09:43.770 [TestNG-tests-2] INFO  testCases.TC_001_Account_Registration - Test Case started TC_001_Account_Registration
21:09:44.354 [TestNG-tests-1] INFO  testCases.TC_001_Account_Registration - Test Case started TC_001_Account_Registration
21:09:54.444 [TestNG-tests-2] INFO  testCases.TC_001_Account_Registration - Clicked on My Account button
21:09:54.735 [TestNG-tests-1] INFO  testCases.TC_001_Account_Registration - Clicked on My Account button
21:09:55.461 [TestNG-tests-2] INFO  testCases.TC_001_Account_Registration - Clicked on Register link
21:09:55.585 [TestNG-tests-1] INFO  testCases.TC_001_Account_Registration - Clicked on Register link
21:10:02.182 [TestNG-tests-1] INFO  testCases.TC_001_Account_Registration - Account registration information filled
21:10:02.264 [TestNG-tests-2] INFO  testCases.TC_001_Account_Registration - Account registration information filled
21:10:14.166 [TestNG-tests-2] INFO  testCases.TC_001_Account_Registration - Validating expected message...
21:10:14.166 [TestNG-tests-1] INFO  testCases.TC_001_Account_Registration - Validating expected message...
21:11:16.955 [TestNG-tests-1] INFO  testCases.TC_001_Account_Registration - Browser and URL openened for testing...
21:11:20.165 [TestNG-tests-2] INFO  testCases.TC_001_Account_Registration - Browser and URL openened for testing...
21:11:27.479 [TestNG-tests-1] INFO  testCases.TC_001_Account_Registration - Test Case started TC_001_Account_Registration
21:11:31.460 [TestNG-tests-2] INFO  testCases.TC_001_Account_Registration - Test Case started TC_001_Account_Registration
21:11:38.008 [TestNG-tests-1] INFO  testCases.TC_001_Account_Registration - Clicked on My Account button
21:11:38.842 [TestNG-tests-1] INFO  testCases.TC_001_Account_Registration - Clicked on Register link
21:11:42.018 [TestNG-tests-2] INFO  testCases.TC_001_Account_Registration - Clicked on My Account button
21:11:42.723 [TestNG-tests-2] INFO  testCases.TC_001_Account_Registration - Clicked on Register link
21:11:45.182 [TestNG-tests-1] INFO  testCases.TC_001_Account_Registration - Account registration information filled
21:11:49.057 [TestNG-tests-2] INFO  testCases.TC_001_Account_Registration - Account registration information filled
21:11:56.677 [TestNG-tests-1] INFO  testCases.TC_001_Account_Registration - Validating expected message...
21:12:01.053 [TestNG-tests-2] INFO  testCases.TC_001_Account_Registration - Validating expected message...
21:14:24.115 [main] INFO  testCases.TC_003_Login_DDT - Browser and URL openened for testing...
21:14:36.955 [main] INFO  testCases.TC_003_Login_DDT - Login DDT verification test started...
21:14:38.916 [main] INFO  testCases.TC_003_Login_DDT - TC_003_LoginTest...Passed
21:14:39.393 [main] INFO  testCases.TC_003_Login_DDT - Login DDT verification test started...
21:14:40.954 [main] INFO  testCases.TC_003_Login_DDT - TC_002_LoginTest...Passed
21:14:40.960 [main] INFO  testCases.TC_003_Login_DDT - Login DDT verification test started...
21:14:42.670 [main] INFO  testCases.TC_003_Login_DDT - TC_002_LoginTest...Passed
21:14:42.677 [main] INFO  testCases.TC_003_Login_DDT - Login DDT verification test started...
21:14:44.202 [main] INFO  testCases.TC_003_Login_DDT - TC_002_LoginTest...Passed
21:14:44.210 [main] INFO  testCases.TC_003_Login_DDT - Login DDT verification test started...
21:19:42.708 [main] INFO  testCases.TC_003_Login_DDT - Browser and URL openened for testing...
21:19:55.601 [main] INFO  testCases.TC_003_Login_DDT - Login DDT verification test started...
21:19:57.659 [main] INFO  testCases.TC_003_Login_DDT - TC_003_LoginTest...Passed
21:19:58.178 [main] INFO  testCases.TC_003_Login_DDT - Login DDT verification test started...
21:19:59.543 [main] INFO  testCases.TC_003_Login_DDT - TC_002_LoginTest...Passed
21:19:59.554 [main] INFO  testCases.TC_003_Login_DDT - Login DDT verification test started...
21:20:00.890 [main] INFO  testCases.TC_003_Login_DDT - TC_002_LoginTest...Passed
21:20:00.895 [main] INFO  testCases.TC_003_Login_DDT - Login DDT verification test started...
21:20:04.256 [main] INFO  testCases.TC_003_Login_DDT - TC_002_LoginTest...Passed
21:20:04.261 [main] INFO  testCases.TC_003_Login_DDT - Login DDT verification test started...
21:29:50.452 [main] INFO  testCases.TC_003_Login_DDT - Browser and URL openened for testing...
21:30:03.614 [main] INFO  testCases.TC_003_Login_DDT - Login DDT verification test started...
21:30:07.157 [main] INFO  testCases.TC_003_Login_DDT - TC_003_LoginTest...Passed
21:30:07.744 [main] INFO  testCases.TC_003_Login_DDT - Login DDT verification test started...
21:30:09.222 [main] INFO  testCases.TC_003_Login_DDT - TC_002_LoginTest...Passed
21:30:09.236 [main] INFO  testCases.TC_003_Login_DDT - Login DDT verification test started...
21:30:10.763 [main] INFO  testCases.TC_003_Login_DDT - TC_002_LoginTest...Passed
21:30:10.766 [main] INFO  testCases.TC_003_Login_DDT - Login DDT verification test started...
21:30:12.515 [main] INFO  testCases.TC_003_Login_DDT - TC_002_LoginTest...Passed
21:30:12.519 [main] INFO  testCases.TC_003_Login_DDT - Login DDT verification test started...
21:31:56.385 [main] INFO  testCases.TC_003_Login_DDT - Browser and URL openened for testing...
21:32:09.106 [main] INFO  testCases.TC_003_Login_DDT - Login DDT verification test started...
21:32:11.242 [main] INFO  testCases.TC_003_Login_DDT - TC_003_LoginTest...Passed
21:32:11.787 [main] INFO  testCases.TC_003_Login_DDT - Login DDT verification test started...
21:32:13.272 [main] INFO  testCases.TC_003_Login_DDT - TC_002_LoginTest...Passed
21:32:13.288 [main] INFO  testCases.TC_003_Login_DDT - Login DDT verification test started...
21:32:14.673 [main] INFO  testCases.TC_003_Login_DDT - TC_002_LoginTest...Passed
21:32:14.682 [main] INFO  testCases.TC_003_Login_DDT - Login DDT verification test started...
21:32:16.180 [main] INFO  testCases.TC_003_Login_DDT - TC_002_LoginTest...Passed
21:32:16.183 [main] INFO  testCases.TC_003_Login_DDT - Login DDT verification test started...
21:50:47.797 [TestNG-tests-1] INFO  testCases.TC_001_Account_Registration - Browser and URL openened for testing...
21:50:48.469 [TestNG-tests-2] INFO  testCases.TC_001_Account_Registration - Browser and URL openened for testing...
21:50:59.535 [TestNG-tests-1] INFO  testCases.TC_001_Account_Registration - Test Case started TC_001_Account_Registration
21:50:59.534 [TestNG-tests-2] INFO  testCases.TC_001_Account_Registration - Test Case started TC_001_Account_Registration
21:51:10.663 [TestNG-tests-1] INFO  testCases.TC_001_Account_Registration - Clicked on My Account button
21:51:10.807 [TestNG-tests-2] INFO  testCases.TC_001_Account_Registration - Clicked on My Account button
21:53:31.066 [main] INFO  testCases.TC_003_Login_DDT - Starting the test setup...
21:53:40.432 [main] INFO  testCases.TC_003_Login_DDT - Browser and URL openened for testing...
21:53:54.150 [main] INFO  testCases.TC_003_Login_DDT - Login DDT verification test started...
21:53:56.355 [main] INFO  testCases.TC_003_Login_DDT - TC_003_LoginTest...Passed
21:53:56.905 [main] INFO  testCases.TC_003_Login_DDT - Login DDT verification test started...
21:53:58.303 [main] INFO  testCases.TC_003_Login_DDT - TC_002_LoginTest...Passed
21:53:58.312 [main] INFO  testCases.TC_003_Login_DDT - Login DDT verification test started...
21:53:59.773 [main] INFO  testCases.TC_003_Login_DDT - TC_002_LoginTest...Passed
21:53:59.786 [main] INFO  testCases.TC_003_Login_DDT - Login DDT verification test started...
21:54:01.429 [main] INFO  testCases.TC_003_Login_DDT - TC_002_LoginTest...Passed
21:54:01.438 [main] INFO  testCases.TC_003_Login_DDT - Login DDT verification test started...
21:54:38.930 [TestNG-tests-2] INFO  testCases.TC_001_Account_Registration - Starting the test setup...
21:54:50.320 [TestNG-tests-1] INFO  testCases.TC_001_Account_Registration - Browser and URL openened for testing...
21:54:50.588 [TestNG-tests-2] INFO  testCases.TC_001_Account_Registration - Browser and URL openened for testing...
21:55:00.870 [TestNG-tests-1] INFO  testCases.TC_001_Account_Registration - Test Case started TC_001_Account_Registration
21:55:01.194 [TestNG-tests-2] INFO  testCases.TC_001_Account_Registration - Test Case started TC_001_Account_Registration
21:55:11.435 [TestNG-tests-1] INFO  testCases.TC_001_Account_Registration - Clicked on My Account button
21:55:11.600 [TestNG-tests-2] INFO  testCases.TC_001_Account_Registration - Clicked on My Account button
22:04:04.346 [TestNG-tests-2] INFO  testCases.TC_001_Account_Registration - Starting the test setup...
22:04:19.645 [TestNG-tests-1] INFO  testCases.TC_001_Account_Registration - Browser and URL openened for testing...
22:04:19.906 [TestNG-tests-2] INFO  testCases.TC_001_Account_Registration - Browser and URL openened for testing...
22:04:30.261 [TestNG-tests-1] INFO  testCases.TC_001_Account_Registration - Test Case started TC_001_Account_Registration
22:04:30.616 [TestNG-tests-2] INFO  testCases.TC_001_Account_Registration - Test Case started TC_001_Account_Registration
22:04:40.820 [TestNG-tests-1] INFO  testCases.TC_001_Account_Registration - Clicked on My Account button
22:04:40.987 [TestNG-tests-2] INFO  testCases.TC_001_Account_Registration - Clicked on My Account button
22:06:52.573 [main] INFO  testCases.TC_001_Account_Registration - Starting the test setup...
22:06:57.761 [main] INFO  testCases.TC_001_Account_Registration - Browser and URL openened for testing...
22:07:08.220 [main] INFO  testCases.TC_001_Account_Registration - Test Case started TC_001_Account_Registration
22:07:18.705 [main] INFO  testCases.TC_001_Account_Registration - Clicked on My Account button
22:07:19.283 [main] INFO  testCases.TC_001_Account_Registration - Clicked on Register link
22:07:25.520 [main] INFO  testCases.TC_001_Account_Registration - Account registration information filled
22:07:36.949 [main] INFO  testCases.TC_001_Account_Registration - Validating expected message...
22:07:40.083 [main] INFO  testCases.TC_001_Account_Registration - Starting the test setup...
22:07:47.192 [main] INFO  testCases.TC_001_Account_Registration - Browser and URL openened for testing...
22:07:57.615 [main] INFO  testCases.TC_001_Account_Registration - Test Case started TC_001_Account_Registration
22:08:08.101 [main] INFO  testCases.TC_001_Account_Registration - Clicked on My Account button
22:08:08.746 [main] INFO  testCases.TC_001_Account_Registration - Clicked on Register link
22:08:14.941 [main] INFO  testCases.TC_001_Account_Registration - Account registration information filled
22:08:26.252 [main] INFO  testCases.TC_001_Account_Registration - Validating expected message...
10:42:12.979 [main] INFO  testCases.TC_001_Account_Registration - Starting the test setup...
10:42:24.916 [main] INFO  testCases.TC_001_Account_Registration - Browser and URL openened for testing...
10:42:35.648 [main] INFO  testCases.TC_001_Account_Registration - Test Case started TC_001_Account_Registration
10:42:46.347 [main] INFO  testCases.TC_001_Account_Registration - Clicked on My Account button
10:42:47.297 [main] INFO  testCases.TC_001_Account_Registration - Clicked on Register link
10:42:53.636 [main] INFO  testCases.TC_001_Account_Registration - Account registration information filled
10:43:05.421 [main] INFO  testCases.TC_001_Account_Registration - Validating expected message...
10:43:08.909 [main] INFO  testCases.TC_001_Account_Registration - Starting the test setup...
10:43:14.646 [main] INFO  testCases.TC_001_Account_Registration - Browser and URL openened for testing...
10:43:25.255 [main] INFO  testCases.TC_001_Account_Registration - Test Case started TC_001_Account_Registration
10:43:35.678 [main] INFO  testCases.TC_001_Account_Registration - Clicked on My Account button
10:43:36.443 [main] INFO  testCases.TC_001_Account_Registration - Clicked on Register link
10:43:42.595 [main] INFO  testCases.TC_001_Account_Registration - Account registration information filled
10:43:54.369 [main] INFO  testCases.TC_001_Account_Registration - Validating expected message...
10:44:36.333 [TestNG-tests-2] INFO  testCases.TC_001_Account_Registration - Starting the test setup...
10:44:47.904 [TestNG-tests-2] INFO  testCases.TC_001_Account_Registration - Browser and URL openened for testing...
10:44:48.299 [TestNG-tests-1] INFO  testCases.TC_001_Account_Registration - Browser and URL openened for testing...
10:44:58.785 [TestNG-tests-2] INFO  testCases.TC_001_Account_Registration - Test Case started TC_001_Account_Registration
10:44:59.158 [TestNG-tests-1] INFO  testCases.TC_001_Account_Registration - Test Case started TC_001_Account_Registration
10:45:09.455 [TestNG-tests-2] INFO  testCases.TC_001_Account_Registration - Clicked on My Account button
10:45:09.617 [TestNG-tests-1] INFO  testCases.TC_001_Account_Registration - Clicked on My Account button
10:46:52.443 [TestNG-tests-2] INFO  testCases.TC_001_Account_Registration - Starting the test setup...
10:46:59.427 [TestNG-tests-2] INFO  testCases.TC_001_Account_Registration - Browser and URL openened for testing...
10:46:59.775 [TestNG-tests-1] INFO  testCases.TC_001_Account_Registration - Browser and URL openened for testing...
10:47:10.003 [TestNG-tests-2] INFO  testCases.TC_001_Account_Registration - Test Case started TC_001_Account_Registration
10:47:10.348 [TestNG-tests-1] INFO  testCases.TC_001_Account_Registration - Test Case started TC_001_Account_Registration
10:47:20.414 [TestNG-tests-2] INFO  testCases.TC_001_Account_Registration - Clicked on My Account button
10:47:20.617 [TestNG-tests-1] INFO  testCases.TC_001_Account_Registration - Clicked on My Account button
10:57:20.539 [TestNG-tests-1] INFO  testCases.TC_001_Account_Registration - Starting the test setup...
10:57:28.524 [TestNG-tests-1] INFO  testCases.TC_001_Account_Registration - Browser and URL openened for testing...
10:57:33.018 [TestNG-tests-2] INFO  testCases.TC_001_Account_Registration - Browser and URL openened for testing...
10:57:39.212 [TestNG-tests-1] INFO  testCases.TC_001_Account_Registration - Test Case started TC_001_Account_Registration
10:57:43.638 [TestNG-tests-2] INFO  testCases.TC_001_Account_Registration - Test Case started TC_001_Account_Registration
10:57:49.573 [TestNG-tests-1] INFO  testCases.TC_001_Account_Registration - Clicked on My Account button
10:57:50.464 [TestNG-tests-1] INFO  testCases.TC_001_Account_Registration - Clicked on Register link
10:57:54.310 [TestNG-tests-2] INFO  testCases.TC_001_Account_Registration - Clicked on My Account button
10:57:55.256 [TestNG-tests-2] INFO  testCases.TC_001_Account_Registration - Clicked on Register link
10:57:56.622 [TestNG-tests-1] INFO  testCases.TC_001_Account_Registration - Account registration information filled
10:58:01.555 [TestNG-tests-2] INFO  testCases.TC_001_Account_Registration - Account registration information filled
10:58:08.254 [TestNG-tests-1] INFO  testCases.TC_001_Account_Registration - Validating expected message...
10:58:13.502 [TestNG-tests-2] INFO  testCases.TC_001_Account_Registration - Validating expected message...
11:17:03.615 [TestNG-tests-2] INFO  testCases.TC_001_Account_Registration - Starting the test setup...
11:17:19.235 [TestNG-tests-2] INFO  testCases.TC_001_Account_Registration - Browser and URL openened for testing...
11:17:20.875 [TestNG-tests-1] INFO  testCases.TC_001_Account_Registration - Browser and URL openened for testing...
11:17:29.920 [TestNG-tests-2] INFO  testCases.TC_001_Account_Registration - Test Case started TC_001_Account_Registration
11:17:31.531 [TestNG-tests-1] INFO  testCases.TC_001_Account_Registration - Test Case started TC_001_Account_Registration
11:17:40.996 [TestNG-tests-2] INFO  testCases.TC_001_Account_Registration - Clicked on My Account button
11:17:41.814 [TestNG-tests-2] INFO  testCases.TC_001_Account_Registration - Clicked on Register link
11:17:41.876 [TestNG-tests-1] INFO  testCases.TC_001_Account_Registration - Clicked on My Account button
11:17:42.955 [TestNG-tests-1] INFO  testCases.TC_001_Account_Registration - Clicked on Register link
11:17:48.001 [TestNG-tests-2] INFO  testCases.TC_001_Account_Registration - Account registration information filled
11:17:48.855 [TestNG-tests-1] INFO  testCases.TC_001_Account_Registration - Account registration information filled
11:17:59.707 [TestNG-tests-2] INFO  testCases.TC_001_Account_Registration - Validating expected message...
11:18:01.265 [TestNG-tests-1] INFO  testCases.TC_001_Account_Registration - Validating expected message...
11:18:21.607 [TestNG-tests-1] INFO  testCases.TC_001_Account_Registration - Starting the test setup...
11:18:28.639 [TestNG-tests-1] INFO  testCases.TC_001_Account_Registration - Browser and URL openened for testing...
11:18:31.698 [TestNG-tests-2] INFO  testCases.TC_001_Account_Registration - Browser and URL openened for testing...
11:18:39.202 [TestNG-tests-1] INFO  testCases.TC_001_Account_Registration - Test Case started TC_001_Account_Registration
11:18:42.300 [TestNG-tests-2] INFO  testCases.TC_001_Account_Registration - Test Case started TC_001_Account_Registration
11:18:49.477 [TestNG-tests-1] INFO  testCases.TC_001_Account_Registration - Clicked on My Account button
11:18:50.392 [TestNG-tests-1] INFO  testCases.TC_001_Account_Registration - Clicked on Register link
11:18:52.832 [TestNG-tests-2] INFO  testCases.TC_001_Account_Registration - Clicked on My Account button
11:18:53.867 [TestNG-tests-2] INFO  testCases.TC_001_Account_Registration - Clicked on Register link
11:18:56.551 [TestNG-tests-1] INFO  testCases.TC_001_Account_Registration - Account registration information filled
11:19:00.126 [TestNG-tests-2] INFO  testCases.TC_001_Account_Registration - Account registration information filled
11:19:08.516 [TestNG-tests-1] INFO  testCases.TC_001_Account_Registration - Validating expected message...
11:19:12.017 [TestNG-tests-2] INFO  testCases.TC_001_Account_Registration - Validating expected message...
12:42:05.743 [main] INFO  testCases.TC_003_Login_DDT - Browser and URL openened for testing...
12:42:18.988 [main] INFO  testCases.TC_003_Login_DDT - Login DDT verification test started...
12:42:21.501 [main] INFO  testCases.TC_003_Login_DDT - TC_003_LoginTest...Passed
12:42:22.126 [main] INFO  testCases.TC_003_Login_DDT - Login DDT verification test started...
12:42:23.771 [main] INFO  testCases.TC_003_Login_DDT - TC_002_LoginTest...Passed
12:42:23.778 [main] INFO  testCases.TC_003_Login_DDT - Login DDT verification test started...
12:42:25.539 [main] INFO  testCases.TC_003_Login_DDT - TC_002_LoginTest...Passed
12:42:25.546 [main] INFO  testCases.TC_003_Login_DDT - Login DDT verification test started...
12:42:27.277 [main] INFO  testCases.TC_003_Login_DDT - TC_002_LoginTest...Passed
12:42:27.290 [main] INFO  testCases.TC_003_Login_DDT - Login DDT verification test started...
23:33:27.110 [main] INFO  testCases.TC_003_Login_DDT - Login DDT verification test started...
23:35:18.509 [main] INFO  testCases.TC_003_Login_DDT - Starting the test setup...
23:35:30.187 [main] INFO  testCases.TC_003_Login_DDT - Browser and URL openened for testing...
23:35:43.802 [main] INFO  testCases.TC_003_Login_DDT - Login DDT verification test started...
23:35:46.347 [main] INFO  testCases.TC_003_Login_DDT - TC_003_LoginTest...Passed
23:35:47.003 [main] INFO  testCases.TC_003_Login_DDT - Login DDT verification test started...
23:35:49.469 [main] INFO  testCases.TC_003_Login_DDT - TC_002_LoginTest...Passed
23:35:49.476 [main] INFO  testCases.TC_003_Login_DDT - Login DDT verification test started...
23:35:51.245 [main] INFO  testCases.TC_003_Login_DDT - TC_002_LoginTest...Passed
23:35:51.255 [main] INFO  testCases.TC_003_Login_DDT - Login DDT verification test started...
23:35:52.908 [main] INFO  testCases.TC_003_Login_DDT - TC_002_LoginTest...Passed
23:35:52.920 [main] INFO  testCases.TC_003_Login_DDT - Login DDT verification test started...
22:26:09.160 [main] INFO  testCases.TC_001_Account_Registration - Starting the test setup...
22:26:33.223 [main] INFO  testCases.TC_001_Account_Registration - Browser and URL openened for testing...
22:26:44.180 [main] INFO  testCases.TC_001_Account_Registration - Test Case started TC_001_Account_Registration
22:26:55.100 [main] INFO  testCases.TC_001_Account_Registration - Clicked on My Account button
22:26:56.045 [main] INFO  testCases.TC_001_Account_Registration - Clicked on Register link
22:27:02.792 [main] INFO  testCases.TC_001_Account_Registration - Account registration information filled
22:27:14.699 [main] INFO  testCases.TC_001_Account_Registration - Validating expected message...
22:28:18.070 [main] INFO  testCases.TC_001_Account_Registration - Browser and URL openened for testing...
22:28:28.971 [main] INFO  testCases.TC_001_Account_Registration - Test Case started TC_001_Account_Registration
22:28:39.699 [main] INFO  testCases.TC_001_Account_Registration - Clicked on My Account button
22:28:41.385 [main] INFO  testCases.TC_001_Account_Registration - Clicked on Register link
22:28:48.226 [main] INFO  testCases.TC_001_Account_Registration - Account registration information filled
22:29:01.693 [main] INFO  testCases.TC_001_Account_Registration - Validating expected message...
21:24:52.137 [main] INFO  testCases.TC_003_Login_DDT - Starting the test setup...
21:25:10.235 [main] INFO  testCases.TC_003_Login_DDT - Browser and URL openened for testing...
21:25:24.772 [main] INFO  testCases.TC_003_Login_DDT - Login DDT verification test started...
21:25:27.841 [main] INFO  testCases.TC_003_Login_DDT - TC_003_LoginTest...Passed
21:25:28.423 [main] INFO  testCases.TC_003_Login_DDT - Login DDT verification test started...
21:25:30.292 [main] INFO  testCases.TC_003_Login_DDT - TC_002_LoginTest...Passed
21:25:30.296 [main] INFO  testCases.TC_003_Login_DDT - Login DDT verification test started...
21:25:32.209 [main] INFO  testCases.TC_003_Login_DDT - TC_002_LoginTest...Passed
21:25:32.212 [main] INFO  testCases.TC_003_Login_DDT - Login DDT verification test started...
21:25:33.913 [main] INFO  testCases.TC_003_Login_DDT - TC_002_LoginTest...Passed
21:25:33.917 [main] INFO  testCases.TC_003_Login_DDT - Login DDT verification test started...
21:29:46.855 [main] INFO  testCases.TC_003_Login_DDT - Starting the test setup...
21:29:55.989 [main] INFO  testCases.TC_003_Login_DDT - Browser and URL openened for testing...
21:30:11.129 [main] INFO  testCases.TC_003_Login_DDT - Login DDT verification test started...
21:30:13.454 [main] INFO  testCases.TC_003_Login_DDT - TC_003_LoginTest...Passed
21:30:14.083 [main] INFO  testCases.TC_003_Login_DDT - Login DDT verification test started...
21:30:16.796 [main] INFO  testCases.TC_003_Login_DDT - TC_002_LoginTest...Passed
21:30:16.800 [main] INFO  testCases.TC_003_Login_DDT - Login DDT verification test started...
21:30:18.179 [main] INFO  testCases.TC_003_Login_DDT - TC_002_LoginTest...Passed
21:30:18.183 [main] INFO  testCases.TC_003_Login_DDT - Login DDT verification test started...
21:30:19.711 [main] INFO  testCases.TC_003_Login_DDT - TC_002_LoginTest...Passed
21:30:19.715 [main] INFO  testCases.TC_003_Login_DDT - Login DDT verification test started...
21:31:44.211 [main] INFO  testCases.TC_001_Account_Registration - Starting the test setup...
21:31:50.092 [main] INFO  testCases.TC_001_Account_Registration - Browser and URL openened for testing...
21:32:00.576 [main] INFO  testCases.TC_001_Account_Registration - Test Case started TC_001_Account_Registration
21:32:11.285 [main] INFO  testCases.TC_001_Account_Registration - Clicked on My Account button
21:32:12.069 [main] INFO  testCases.TC_001_Account_Registration - Clicked on Register link
21:32:18.572 [main] INFO  testCases.TC_001_Account_Registration - Account registration information filled
21:32:29.832 [main] INFO  testCases.TC_001_Account_Registration - Validating expected message...
